[2025-02-16T10:23:33.715+0000] {local_task_job_runner.py:123} INFO - ::group::Pre task execution logs
[2025-02-16T10:23:33.762+0000] {taskinstance.py:2614} INFO - Dependencies all met for dep_context=non-requeueable deps ti=<TaskInstance: jobscraper_dag.load_data manual__2025-02-16T10:23:13.369559+00:00 [queued]>
[2025-02-16T10:23:33.782+0000] {taskinstance.py:2614} INFO - Dependencies all met for dep_context=requeueable deps ti=<TaskInstance: jobscraper_dag.load_data manual__2025-02-16T10:23:13.369559+00:00 [queued]>
[2025-02-16T10:23:33.784+0000] {taskinstance.py:2867} INFO - Starting attempt 1 of 2
[2025-02-16T10:23:43.098+0000] {taskinstance.py:2890} INFO - Executing <Task(PythonOperator): load_data> on 2025-02-16 10:23:13.369559+00:00
[2025-02-16T10:23:43.113+0000] {warnings.py:112} WARNING - /home/***/.local/lib/python3.12/site-packages/***/task/task_runner/standard_task_runner.py:70: DeprecationWarning: This process (pid=105) is multi-threaded, use of fork() may lead to deadlocks in the child.
  pid = os.fork()

[2025-02-16T10:23:43.117+0000] {standard_task_runner.py:72} INFO - Started process 107 to run task
[2025-02-16T10:23:43.118+0000] {standard_task_runner.py:104} INFO - Running: ['***', 'tasks', 'run', 'jobscraper_dag', 'load_data', 'manual__2025-02-16T10:23:13.369559+00:00', '--job-id', '29', '--raw', '--subdir', 'DAGS_FOLDER/jobscraper.py', '--cfg-path', '/tmp/tmpuy4q7j13']
[2025-02-16T10:23:43.120+0000] {standard_task_runner.py:105} INFO - Job 29: Subtask load_data
[2025-02-16T10:23:33.879+0000] {task_command.py:467} INFO - Running <TaskInstance: jobscraper_dag.load_data manual__2025-02-16T10:23:13.369559+00:00 [running]> on host 4c4db2e45856
[2025-02-16T10:23:34.045+0000] {taskinstance.py:3134} INFO - Exporting env vars: AIRFLOW_CTX_DAG_EMAIL='***@example.com' AIRFLOW_CTX_DAG_OWNER='mainguyen' AIRFLOW_CTX_DAG_ID='jobscraper_dag' AIRFLOW_CTX_TASK_ID='load_data' AIRFLOW_CTX_EXECUTION_DATE='2025-02-16T10:23:13.369559+00:00' AIRFLOW_CTX_TRY_NUMBER='1' AIRFLOW_CTX_DAG_RUN_ID='manual__2025-02-16T10:23:13.369559+00:00'
[2025-02-16T10:23:34.047+0000] {logging_mixin.py:190} INFO - Task instance is in running state
[2025-02-16T10:23:34.048+0000] {logging_mixin.py:190} INFO -  Previous state of the Task instance: queued
[2025-02-16T10:23:34.049+0000] {logging_mixin.py:190} INFO - Current task name:load_data state:running start_date:2025-02-16 10:23:33.763942+00:00
[2025-02-16T10:23:34.050+0000] {logging_mixin.py:190} INFO - Dag name:jobscraper_dag and current dag run status:running
[2025-02-16T10:23:34.051+0000] {taskinstance.py:732} INFO - ::endgroup::
[2025-02-16T10:23:34.175+0000] {python.py:240} INFO - Done. Returned value was: None
[2025-02-16T10:23:34.198+0000] {taskinstance.py:341} INFO - ::group::Post task execution logs
[2025-02-16T10:23:34.199+0000] {taskinstance.py:353} INFO - Marking task as SUCCESS. dag_id=jobscraper_dag, task_id=load_data, run_id=manual__2025-02-16T10:23:13.369559+00:00, execution_date=20250216T102313, start_date=20250216T102333, end_date=20250216T102334
[2025-02-16T10:23:34.249+0000] {logging_mixin.py:190} INFO - Task instance in success state
[2025-02-16T10:23:34.250+0000] {logging_mixin.py:190} INFO -  Previous state of the Task instance: running
[2025-02-16T10:23:34.251+0000] {logging_mixin.py:190} INFO - Dag name:jobscraper_dag queued_at:2025-02-16 10:23:13.402763+00:00
[2025-02-16T10:23:34.253+0000] {logging_mixin.py:190} INFO - Task hostname:4c4db2e45856 operator:PythonOperator
[2025-02-16T10:23:34.333+0000] {local_task_job_runner.py:266} INFO - Task exited with return code 0
[2025-02-16T10:23:34.699+0000] {taskinstance.py:3901} INFO - 0 downstream tasks scheduled from follow-on schedule check
[2025-02-16T10:23:34.732+0000] {local_task_job_runner.py:245} INFO - ::endgroup::
