[2025-02-18T10:56:46.340+0000] {local_task_job_runner.py:123} INFO - ::group::Pre task execution logs
[2025-02-18T10:56:46.416+0000] {taskinstance.py:2614} INFO - Dependencies all met for dep_context=non-requeueable deps ti=<TaskInstance: jobscraper_dag.load_data scheduled__2025-02-18T00:00:00+00:00 [queued]>
[2025-02-18T10:56:46.449+0000] {taskinstance.py:2614} INFO - Dependencies all met for dep_context=requeueable deps ti=<TaskInstance: jobscraper_dag.load_data scheduled__2025-02-18T00:00:00+00:00 [queued]>
[2025-02-18T10:56:46.452+0000] {taskinstance.py:2867} INFO - Starting attempt 1 of 2
[2025-02-18T10:56:46.492+0000] {taskinstance.py:2890} INFO - Executing <Task(PythonOperator): load_data> on 2025-02-18 00:00:00+00:00
[2025-02-18T10:56:46.513+0000] {warnings.py:112} WARNING - /home/***/.local/lib/python3.12/site-packages/***/task/task_runner/standard_task_runner.py:70: DeprecationWarning: This process (pid=98) is multi-threaded, use of fork() may lead to deadlocks in the child.
  pid = os.fork()

[2025-02-18T10:56:46.519+0000] {standard_task_runner.py:72} INFO - Started process 102 to run task
[2025-02-18T10:56:46.523+0000] {standard_task_runner.py:104} INFO - Running: ['***', 'tasks', 'run', 'jobscraper_dag', 'load_data', 'scheduled__2025-02-18T00:00:00+00:00', '--job-id', '126', '--raw', '--subdir', 'DAGS_FOLDER/jobscraper.py', '--cfg-path', '/tmp/tmpl_zlz2qw']
[2025-02-18T10:56:46.532+0000] {standard_task_runner.py:105} INFO - Job 126: Subtask load_data
[2025-02-18T10:56:46.677+0000] {task_command.py:467} INFO - Running <TaskInstance: jobscraper_dag.load_data scheduled__2025-02-18T00:00:00+00:00 [running]> on host b710bb59fac5
[2025-02-18T10:56:46.966+0000] {taskinstance.py:3134} INFO - Exporting env vars: AIRFLOW_CTX_DAG_EMAIL='***@example.com' AIRFLOW_CTX_DAG_OWNER='mainguyen' AIRFLOW_CTX_DAG_ID='jobscraper_dag' AIRFLOW_CTX_TASK_ID='load_data' AIRFLOW_CTX_EXECUTION_DATE='2025-02-18T00:00:00+00:00' AIRFLOW_CTX_TRY_NUMBER='1' AIRFLOW_CTX_DAG_RUN_ID='scheduled__2025-02-18T00:00:00+00:00'
[2025-02-18T10:56:46.969+0000] {taskinstance.py:732} INFO - ::endgroup::
[2025-02-18T10:56:47.115+0000] {logging_mixin.py:190} INFO - Insert new job refnummers
[2025-02-18T10:56:47.116+0000] {python.py:240} INFO - Done. Returned value was: None
[2025-02-18T10:56:47.144+0000] {taskinstance.py:341} INFO - ::group::Post task execution logs
[2025-02-18T10:56:47.146+0000] {taskinstance.py:353} INFO - Marking task as SUCCESS. dag_id=jobscraper_dag, task_id=load_data, run_id=scheduled__2025-02-18T00:00:00+00:00, execution_date=20250218T000000, start_date=20250218T105646, end_date=20250218T105647
[2025-02-18T10:56:47.278+0000] {local_task_job_runner.py:266} INFO - Task exited with return code 0
[2025-02-18T10:56:47.334+0000] {taskinstance.py:3901} INFO - 0 downstream tasks scheduled from follow-on schedule check
[2025-02-18T10:56:47.340+0000] {local_task_job_runner.py:245} INFO - ::endgroup::
