[2025-02-18T10:56:16.314+0000] {processor.py:186} INFO - Started process (PID=76) to work on /opt/airflow/dags/jobscraper.py
[2025-02-18T10:56:16.317+0000] {processor.py:914} INFO - Processing file /opt/airflow/dags/jobscraper.py for tasks to queue
[2025-02-18T10:56:16.327+0000] {logging_mixin.py:190} INFO - [2025-02-18T10:56:16.325+0000] {dagbag.py:588} INFO - Filling up the DagBag from /opt/airflow/dags/jobscraper.py
[2025-02-18T10:56:18.101+0000] {processor.py:925} INFO - DAG(s) 'jobscraper_dag' retrieved from /opt/airflow/dags/jobscraper.py
[2025-02-18T10:56:18.183+0000] {logging_mixin.py:190} INFO - [2025-02-18T10:56:18.181+0000] {dag.py:3239} INFO - Sync 1 DAGs
[2025-02-18T10:56:18.242+0000] {logging_mixin.py:190} INFO - [2025-02-18T10:56:18.241+0000] {dag.py:4180} INFO - Setting next_dagrun for jobscraper_dag to 2025-02-18 06:00:00+00:00, run_after=2025-02-18 12:00:00+00:00
[2025-02-18T10:56:18.282+0000] {processor.py:208} INFO - Processing /opt/airflow/dags/jobscraper.py took 1.987 seconds
[2025-02-18T10:56:49.018+0000] {processor.py:186} INFO - Started process (PID=92) to work on /opt/airflow/dags/jobscraper.py
[2025-02-18T10:56:49.020+0000] {processor.py:914} INFO - Processing file /opt/airflow/dags/jobscraper.py for tasks to queue
[2025-02-18T10:56:49.037+0000] {logging_mixin.py:190} INFO - [2025-02-18T10:56:49.031+0000] {dagbag.py:588} INFO - Filling up the DagBag from /opt/airflow/dags/jobscraper.py
[2025-02-18T10:56:56.208+0000] {processor.py:925} INFO - DAG(s) 'jobscraper_dag' retrieved from /opt/airflow/dags/jobscraper.py
[2025-02-18T10:56:56.295+0000] {logging_mixin.py:190} INFO - [2025-02-18T10:56:56.294+0000] {dag.py:3239} INFO - Sync 1 DAGs
[2025-02-18T10:56:56.381+0000] {logging_mixin.py:190} INFO - [2025-02-18T10:56:56.380+0000] {dag.py:4180} INFO - Setting next_dagrun for jobscraper_dag to 2025-02-18 06:00:00+00:00, run_after=2025-02-18 12:00:00+00:00
[2025-02-18T10:56:56.445+0000] {processor.py:208} INFO - Processing /opt/airflow/dags/jobscraper.py took 7.508 seconds
[2025-02-18T10:57:24.874+0000] {processor.py:186} INFO - Started process (PID=106) to work on /opt/airflow/dags/jobscraper.py
[2025-02-18T10:57:24.880+0000] {processor.py:914} INFO - Processing file /opt/airflow/dags/jobscraper.py for tasks to queue
[2025-02-18T10:57:24.906+0000] {logging_mixin.py:190} INFO - [2025-02-18T10:57:24.903+0000] {dagbag.py:588} INFO - Filling up the DagBag from /opt/airflow/dags/jobscraper.py
[2025-02-18T10:57:32.660+0000] {processor.py:925} INFO - DAG(s) 'jobscraper_dag' retrieved from /opt/airflow/dags/jobscraper.py
[2025-02-18T10:57:32.754+0000] {logging_mixin.py:190} INFO - [2025-02-18T10:57:32.751+0000] {dag.py:3239} INFO - Sync 1 DAGs
[2025-02-18T10:57:32.858+0000] {logging_mixin.py:190} INFO - [2025-02-18T10:57:32.857+0000] {dag.py:4180} INFO - Setting next_dagrun for jobscraper_dag to 2025-02-18 06:00:00+00:00, run_after=2025-02-18 12:00:00+00:00
[2025-02-18T10:57:32.977+0000] {processor.py:208} INFO - Processing /opt/airflow/dags/jobscraper.py took 8.195 seconds
[2025-02-18T10:58:11.720+0000] {processor.py:186} INFO - Started process (PID=114) to work on /opt/airflow/dags/jobscraper.py
[2025-02-18T10:58:11.722+0000] {processor.py:914} INFO - Processing file /opt/airflow/dags/jobscraper.py for tasks to queue
[2025-02-18T10:58:11.735+0000] {logging_mixin.py:190} INFO - [2025-02-18T10:58:11.734+0000] {dagbag.py:588} INFO - Filling up the DagBag from /opt/airflow/dags/jobscraper.py
[2025-02-18T10:58:02.223+0000] {processor.py:925} INFO - DAG(s) 'jobscraper_dag' retrieved from /opt/airflow/dags/jobscraper.py
[2025-02-18T10:58:02.280+0000] {logging_mixin.py:190} INFO - [2025-02-18T10:58:02.279+0000] {dag.py:3239} INFO - Sync 1 DAGs
[2025-02-18T10:58:02.350+0000] {logging_mixin.py:190} INFO - [2025-02-18T10:58:02.349+0000] {dag.py:4180} INFO - Setting next_dagrun for jobscraper_dag to 2025-02-18 06:00:00+00:00, run_after=2025-02-18 12:00:00+00:00
[2025-02-18T10:58:02.402+0000] {processor.py:208} INFO - Processing /opt/airflow/dags/jobscraper.py took 2.333 seconds
[2025-02-18T10:58:36.172+0000] {processor.py:186} INFO - Started process (PID=123) to work on /opt/airflow/dags/jobscraper.py
[2025-02-18T10:58:24.889+0000] {processor.py:914} INFO - Processing file /opt/airflow/dags/jobscraper.py for tasks to queue
[2025-02-18T10:58:24.899+0000] {logging_mixin.py:190} INFO - [2025-02-18T10:58:24.898+0000] {dagbag.py:588} INFO - Filling up the DagBag from /opt/airflow/dags/jobscraper.py
[2025-02-18T10:58:26.497+0000] {processor.py:925} INFO - DAG(s) 'jobscraper_dag' retrieved from /opt/airflow/dags/jobscraper.py
[2025-02-18T10:58:26.570+0000] {logging_mixin.py:190} INFO - [2025-02-18T10:58:26.569+0000] {dag.py:3239} INFO - Sync 1 DAGs
[2025-02-18T10:58:26.634+0000] {logging_mixin.py:190} INFO - [2025-02-18T10:58:26.633+0000] {dag.py:4180} INFO - Setting next_dagrun for jobscraper_dag to 2025-02-18 06:00:00+00:00, run_after=2025-02-18 12:00:00+00:00
[2025-02-18T10:58:26.681+0000] {processor.py:208} INFO - Processing /opt/airflow/dags/jobscraper.py took 1.811 seconds
[2025-02-18T10:58:57.167+0000] {processor.py:186} INFO - Started process (PID=132) to work on /opt/airflow/dags/jobscraper.py
[2025-02-18T10:58:57.170+0000] {processor.py:914} INFO - Processing file /opt/airflow/dags/jobscraper.py for tasks to queue
[2025-02-18T10:58:57.175+0000] {logging_mixin.py:190} INFO - [2025-02-18T10:58:57.174+0000] {dagbag.py:588} INFO - Filling up the DagBag from /opt/airflow/dags/jobscraper.py
[2025-02-18T10:58:58.197+0000] {processor.py:925} INFO - DAG(s) 'jobscraper_dag' retrieved from /opt/airflow/dags/jobscraper.py
[2025-02-18T10:58:58.249+0000] {logging_mixin.py:190} INFO - [2025-02-18T10:58:58.248+0000] {dag.py:3239} INFO - Sync 1 DAGs
[2025-02-18T10:58:58.316+0000] {logging_mixin.py:190} INFO - [2025-02-18T10:58:58.316+0000] {dag.py:4180} INFO - Setting next_dagrun for jobscraper_dag to 2025-02-18 06:00:00+00:00, run_after=2025-02-18 12:00:00+00:00
[2025-02-18T10:58:58.360+0000] {processor.py:208} INFO - Processing /opt/airflow/dags/jobscraper.py took 1.207 seconds
[2025-02-18T10:59:28.586+0000] {processor.py:186} INFO - Started process (PID=140) to work on /opt/airflow/dags/jobscraper.py
[2025-02-18T10:59:28.589+0000] {processor.py:914} INFO - Processing file /opt/airflow/dags/jobscraper.py for tasks to queue
[2025-02-18T10:59:28.593+0000] {logging_mixin.py:190} INFO - [2025-02-18T10:59:28.593+0000] {dagbag.py:588} INFO - Filling up the DagBag from /opt/airflow/dags/jobscraper.py
[2025-02-18T10:59:29.756+0000] {processor.py:925} INFO - DAG(s) 'jobscraper_dag' retrieved from /opt/airflow/dags/jobscraper.py
[2025-02-18T10:59:29.801+0000] {logging_mixin.py:190} INFO - [2025-02-18T10:59:29.800+0000] {dag.py:3239} INFO - Sync 1 DAGs
[2025-02-18T10:59:29.845+0000] {logging_mixin.py:190} INFO - [2025-02-18T10:59:29.845+0000] {dag.py:4180} INFO - Setting next_dagrun for jobscraper_dag to 2025-02-18 06:00:00+00:00, run_after=2025-02-18 12:00:00+00:00
[2025-02-18T10:59:41.151+0000] {processor.py:208} INFO - Processing /opt/airflow/dags/jobscraper.py took 1.317 seconds
[2025-02-18T11:00:05.173+0000] {processor.py:186} INFO - Started process (PID=148) to work on /opt/airflow/dags/jobscraper.py
[2025-02-18T11:00:05.175+0000] {processor.py:914} INFO - Processing file /opt/airflow/dags/jobscraper.py for tasks to queue
[2025-02-18T11:00:05.181+0000] {logging_mixin.py:190} INFO - [2025-02-18T11:00:05.180+0000] {dagbag.py:588} INFO - Filling up the DagBag from /opt/airflow/dags/jobscraper.py
[2025-02-18T11:00:06.282+0000] {processor.py:925} INFO - DAG(s) 'jobscraper_dag' retrieved from /opt/airflow/dags/jobscraper.py
[2025-02-18T11:00:06.330+0000] {logging_mixin.py:190} INFO - [2025-02-18T11:00:06.329+0000] {dag.py:3239} INFO - Sync 1 DAGs
[2025-02-18T11:00:06.381+0000] {logging_mixin.py:190} INFO - [2025-02-18T11:00:06.381+0000] {dag.py:4180} INFO - Setting next_dagrun for jobscraper_dag to 2025-02-18 06:00:00+00:00, run_after=2025-02-18 12:00:00+00:00
[2025-02-18T11:00:06.435+0000] {processor.py:208} INFO - Processing /opt/airflow/dags/jobscraper.py took 1.281 seconds
[2025-02-18T11:00:36.700+0000] {processor.py:186} INFO - Started process (PID=156) to work on /opt/airflow/dags/jobscraper.py
[2025-02-18T11:00:36.703+0000] {processor.py:914} INFO - Processing file /opt/airflow/dags/jobscraper.py for tasks to queue
[2025-02-18T11:00:36.712+0000] {logging_mixin.py:190} INFO - [2025-02-18T11:00:36.711+0000] {dagbag.py:588} INFO - Filling up the DagBag from /opt/airflow/dags/jobscraper.py
[2025-02-18T11:00:37.772+0000] {processor.py:925} INFO - DAG(s) 'jobscraper_dag' retrieved from /opt/airflow/dags/jobscraper.py
[2025-02-18T11:00:37.821+0000] {logging_mixin.py:190} INFO - [2025-02-18T11:00:37.820+0000] {dag.py:3239} INFO - Sync 1 DAGs
[2025-02-18T11:00:37.872+0000] {logging_mixin.py:190} INFO - [2025-02-18T11:00:37.871+0000] {dag.py:4180} INFO - Setting next_dagrun for jobscraper_dag to 2025-02-18 06:00:00+00:00, run_after=2025-02-18 12:00:00+00:00
[2025-02-18T11:00:37.913+0000] {processor.py:208} INFO - Processing /opt/airflow/dags/jobscraper.py took 1.225 seconds
[2025-02-18T11:01:08.389+0000] {processor.py:186} INFO - Started process (PID=164) to work on /opt/airflow/dags/jobscraper.py
[2025-02-18T11:01:08.391+0000] {processor.py:914} INFO - Processing file /opt/airflow/dags/jobscraper.py for tasks to queue
[2025-02-18T11:01:08.395+0000] {logging_mixin.py:190} INFO - [2025-02-18T11:01:08.395+0000] {dagbag.py:588} INFO - Filling up the DagBag from /opt/airflow/dags/jobscraper.py
[2025-02-18T11:01:09.498+0000] {processor.py:925} INFO - DAG(s) 'jobscraper_dag' retrieved from /opt/airflow/dags/jobscraper.py
[2025-02-18T11:01:09.550+0000] {logging_mixin.py:190} INFO - [2025-02-18T11:01:09.549+0000] {dag.py:3239} INFO - Sync 1 DAGs
[2025-02-18T11:01:09.603+0000] {logging_mixin.py:190} INFO - [2025-02-18T11:01:09.602+0000] {dag.py:4180} INFO - Setting next_dagrun for jobscraper_dag to 2025-02-18 06:00:00+00:00, run_after=2025-02-18 12:00:00+00:00
[2025-02-18T11:01:09.657+0000] {processor.py:208} INFO - Processing /opt/airflow/dags/jobscraper.py took 1.279 seconds
[2025-02-18T11:01:39.805+0000] {processor.py:186} INFO - Started process (PID=172) to work on /opt/airflow/dags/jobscraper.py
[2025-02-18T11:01:39.807+0000] {processor.py:914} INFO - Processing file /opt/airflow/dags/jobscraper.py for tasks to queue
[2025-02-18T11:01:39.812+0000] {logging_mixin.py:190} INFO - [2025-02-18T11:01:39.811+0000] {dagbag.py:588} INFO - Filling up the DagBag from /opt/airflow/dags/jobscraper.py
[2025-02-18T11:01:40.874+0000] {processor.py:925} INFO - DAG(s) 'jobscraper_dag' retrieved from /opt/airflow/dags/jobscraper.py
[2025-02-18T11:01:40.923+0000] {logging_mixin.py:190} INFO - [2025-02-18T11:01:40.922+0000] {dag.py:3239} INFO - Sync 1 DAGs
[2025-02-18T11:01:40.984+0000] {logging_mixin.py:190} INFO - [2025-02-18T11:01:40.983+0000] {dag.py:4180} INFO - Setting next_dagrun for jobscraper_dag to 2025-02-18 06:00:00+00:00, run_after=2025-02-18 12:00:00+00:00
[2025-02-18T11:01:41.028+0000] {processor.py:208} INFO - Processing /opt/airflow/dags/jobscraper.py took 1.245 seconds
[2025-02-18T11:02:05.311+0000] {processor.py:186} INFO - Started process (PID=180) to work on /opt/airflow/dags/jobscraper.py
[2025-02-18T11:02:05.313+0000] {processor.py:914} INFO - Processing file /opt/airflow/dags/jobscraper.py for tasks to queue
[2025-02-18T11:02:05.318+0000] {logging_mixin.py:190} INFO - [2025-02-18T11:02:05.317+0000] {dagbag.py:588} INFO - Filling up the DagBag from /opt/airflow/dags/jobscraper.py
[2025-02-18T11:02:06.338+0000] {processor.py:925} INFO - DAG(s) 'jobscraper_dag' retrieved from /opt/airflow/dags/jobscraper.py
[2025-02-18T11:02:06.390+0000] {logging_mixin.py:190} INFO - [2025-02-18T11:02:06.389+0000] {dag.py:3239} INFO - Sync 1 DAGs
[2025-02-18T11:02:06.443+0000] {logging_mixin.py:190} INFO - [2025-02-18T11:02:06.443+0000] {dag.py:4180} INFO - Setting next_dagrun for jobscraper_dag to 2025-02-18 06:00:00+00:00, run_after=2025-02-18 12:00:00+00:00
[2025-02-18T11:02:06.479+0000] {processor.py:208} INFO - Processing /opt/airflow/dags/jobscraper.py took 1.182 seconds
[2025-02-18T11:02:36.936+0000] {processor.py:186} INFO - Started process (PID=188) to work on /opt/airflow/dags/jobscraper.py
[2025-02-18T11:02:36.938+0000] {processor.py:914} INFO - Processing file /opt/airflow/dags/jobscraper.py for tasks to queue
[2025-02-18T11:02:36.943+0000] {logging_mixin.py:190} INFO - [2025-02-18T11:02:36.943+0000] {dagbag.py:588} INFO - Filling up the DagBag from /opt/airflow/dags/jobscraper.py
[2025-02-18T11:02:37.970+0000] {processor.py:925} INFO - DAG(s) 'jobscraper_dag' retrieved from /opt/airflow/dags/jobscraper.py
[2025-02-18T11:02:38.019+0000] {logging_mixin.py:190} INFO - [2025-02-18T11:02:38.018+0000] {dag.py:3239} INFO - Sync 1 DAGs
[2025-02-18T11:02:38.071+0000] {logging_mixin.py:190} INFO - [2025-02-18T11:02:38.070+0000] {dag.py:4180} INFO - Setting next_dagrun for jobscraper_dag to 2025-02-18 06:00:00+00:00, run_after=2025-02-18 12:00:00+00:00
[2025-02-18T11:02:38.136+0000] {processor.py:208} INFO - Processing /opt/airflow/dags/jobscraper.py took 1.214 seconds
[2025-02-18T11:03:11.574+0000] {processor.py:186} INFO - Started process (PID=196) to work on /opt/airflow/dags/jobscraper.py
[2025-02-18T11:03:11.577+0000] {processor.py:914} INFO - Processing file /opt/airflow/dags/jobscraper.py for tasks to queue
[2025-02-18T11:03:11.582+0000] {logging_mixin.py:190} INFO - [2025-02-18T11:03:11.581+0000] {dagbag.py:588} INFO - Filling up the DagBag from /opt/airflow/dags/jobscraper.py
[2025-02-18T11:03:01.443+0000] {processor.py:925} INFO - DAG(s) 'jobscraper_dag' retrieved from /opt/airflow/dags/jobscraper.py
[2025-02-18T11:03:01.493+0000] {logging_mixin.py:190} INFO - [2025-02-18T11:03:01.492+0000] {dag.py:3239} INFO - Sync 1 DAGs
[2025-02-18T11:03:01.538+0000] {logging_mixin.py:190} INFO - [2025-02-18T11:03:01.538+0000] {dag.py:4180} INFO - Setting next_dagrun for jobscraper_dag to 2025-02-18 06:00:00+00:00, run_after=2025-02-18 12:00:00+00:00
[2025-02-18T11:03:01.578+0000] {processor.py:208} INFO - Processing /opt/airflow/dags/jobscraper.py took 1.301 seconds
[2025-02-18T11:03:36.862+0000] {processor.py:186} INFO - Started process (PID=204) to work on /opt/airflow/dags/jobscraper.py
[2025-02-18T11:03:36.864+0000] {processor.py:914} INFO - Processing file /opt/airflow/dags/jobscraper.py for tasks to queue
[2025-02-18T11:03:36.869+0000] {logging_mixin.py:190} INFO - [2025-02-18T11:03:36.868+0000] {dagbag.py:588} INFO - Filling up the DagBag from /opt/airflow/dags/jobscraper.py
[2025-02-18T11:03:26.965+0000] {processor.py:925} INFO - DAG(s) 'jobscraper_dag' retrieved from /opt/airflow/dags/jobscraper.py
[2025-02-18T11:03:27.011+0000] {logging_mixin.py:190} INFO - [2025-02-18T11:03:27.010+0000] {dag.py:3239} INFO - Sync 1 DAGs
[2025-02-18T11:03:27.063+0000] {logging_mixin.py:190} INFO - [2025-02-18T11:03:27.063+0000] {dag.py:4180} INFO - Setting next_dagrun for jobscraper_dag to 2025-02-18 06:00:00+00:00, run_after=2025-02-18 12:00:00+00:00
[2025-02-18T11:03:27.109+0000] {processor.py:208} INFO - Processing /opt/airflow/dags/jobscraper.py took 1.251 seconds
[2025-02-18T11:03:57.259+0000] {processor.py:186} INFO - Started process (PID=213) to work on /opt/airflow/dags/jobscraper.py
[2025-02-18T11:03:57.261+0000] {processor.py:914} INFO - Processing file /opt/airflow/dags/jobscraper.py for tasks to queue
[2025-02-18T11:03:57.266+0000] {logging_mixin.py:190} INFO - [2025-02-18T11:03:57.265+0000] {dagbag.py:588} INFO - Filling up the DagBag from /opt/airflow/dags/jobscraper.py
[2025-02-18T11:03:58.336+0000] {processor.py:925} INFO - DAG(s) 'jobscraper_dag' retrieved from /opt/airflow/dags/jobscraper.py
[2025-02-18T11:03:58.411+0000] {logging_mixin.py:190} INFO - [2025-02-18T11:03:58.410+0000] {dag.py:3239} INFO - Sync 1 DAGs
[2025-02-18T11:03:58.460+0000] {logging_mixin.py:190} INFO - [2025-02-18T11:03:58.459+0000] {dag.py:4180} INFO - Setting next_dagrun for jobscraper_dag to 2025-02-18 06:00:00+00:00, run_after=2025-02-18 12:00:00+00:00
[2025-02-18T11:03:58.498+0000] {processor.py:208} INFO - Processing /opt/airflow/dags/jobscraper.py took 1.252 seconds
[2025-02-18T11:04:20.515+0000] {processor.py:186} INFO - Started process (PID=215) to work on /opt/airflow/dags/jobscraper.py
[2025-02-18T11:04:20.517+0000] {processor.py:914} INFO - Processing file /opt/airflow/dags/jobscraper.py for tasks to queue
[2025-02-18T11:04:20.522+0000] {logging_mixin.py:190} INFO - [2025-02-18T11:04:20.521+0000] {dagbag.py:588} INFO - Filling up the DagBag from /opt/airflow/dags/jobscraper.py
[2025-02-18T11:04:21.540+0000] {processor.py:925} INFO - DAG(s) 'jobscraper_dag' retrieved from /opt/airflow/dags/jobscraper.py
[2025-02-18T11:04:21.586+0000] {logging_mixin.py:190} INFO - [2025-02-18T11:04:21.585+0000] {dag.py:3239} INFO - Sync 1 DAGs
[2025-02-18T11:04:21.636+0000] {logging_mixin.py:190} INFO - [2025-02-18T11:04:21.636+0000] {dag.py:4180} INFO - Setting next_dagrun for jobscraper_dag to 2025-02-18 06:00:00+00:00, run_after=2025-02-18 12:00:00+00:00
[2025-02-18T11:04:21.688+0000] {processor.py:208} INFO - Processing /opt/airflow/dags/jobscraper.py took 1.186 seconds
[2025-02-18T11:04:51.938+0000] {processor.py:186} INFO - Started process (PID=223) to work on /opt/airflow/dags/jobscraper.py
[2025-02-18T11:04:51.940+0000] {processor.py:914} INFO - Processing file /opt/airflow/dags/jobscraper.py for tasks to queue
[2025-02-18T11:04:51.946+0000] {logging_mixin.py:190} INFO - [2025-02-18T11:04:51.945+0000] {dagbag.py:588} INFO - Filling up the DagBag from /opt/airflow/dags/jobscraper.py
[2025-02-18T11:04:53.000+0000] {processor.py:925} INFO - DAG(s) 'jobscraper_dag' retrieved from /opt/airflow/dags/jobscraper.py
[2025-02-18T11:04:53.052+0000] {logging_mixin.py:190} INFO - [2025-02-18T11:04:53.051+0000] {dag.py:3239} INFO - Sync 1 DAGs
[2025-02-18T11:04:53.096+0000] {logging_mixin.py:190} INFO - [2025-02-18T11:04:53.096+0000] {dag.py:4180} INFO - Setting next_dagrun for jobscraper_dag to 2025-02-18 06:00:00+00:00, run_after=2025-02-18 12:00:00+00:00
[2025-02-18T11:04:53.135+0000] {processor.py:208} INFO - Processing /opt/airflow/dags/jobscraper.py took 1.210 seconds
[2025-02-18T11:05:23.507+0000] {processor.py:186} INFO - Started process (PID=231) to work on /opt/airflow/dags/jobscraper.py
[2025-02-18T11:05:23.509+0000] {processor.py:914} INFO - Processing file /opt/airflow/dags/jobscraper.py for tasks to queue
[2025-02-18T11:05:23.515+0000] {logging_mixin.py:190} INFO - [2025-02-18T11:05:23.514+0000] {dagbag.py:588} INFO - Filling up the DagBag from /opt/airflow/dags/jobscraper.py
[2025-02-18T11:05:24.584+0000] {processor.py:925} INFO - DAG(s) 'jobscraper_dag' retrieved from /opt/airflow/dags/jobscraper.py
[2025-02-18T11:05:24.630+0000] {logging_mixin.py:190} INFO - [2025-02-18T11:05:24.629+0000] {dag.py:3239} INFO - Sync 1 DAGs
[2025-02-18T11:05:24.674+0000] {logging_mixin.py:190} INFO - [2025-02-18T11:05:24.673+0000] {dag.py:4180} INFO - Setting next_dagrun for jobscraper_dag to 2025-02-18 06:00:00+00:00, run_after=2025-02-18 12:00:00+00:00
[2025-02-18T11:05:24.712+0000] {processor.py:208} INFO - Processing /opt/airflow/dags/jobscraper.py took 1.233 seconds
[2025-02-18T11:06:02.121+0000] {processor.py:186} INFO - Started process (PID=239) to work on /opt/airflow/dags/jobscraper.py
[2025-02-18T11:06:02.123+0000] {processor.py:914} INFO - Processing file /opt/airflow/dags/jobscraper.py for tasks to queue
[2025-02-18T11:06:02.129+0000] {logging_mixin.py:190} INFO - [2025-02-18T11:06:02.128+0000] {dagbag.py:588} INFO - Filling up the DagBag from /opt/airflow/dags/jobscraper.py
[2025-02-18T11:05:51.828+0000] {processor.py:925} INFO - DAG(s) 'jobscraper_dag' retrieved from /opt/airflow/dags/jobscraper.py
[2025-02-18T11:05:51.881+0000] {logging_mixin.py:190} INFO - [2025-02-18T11:05:51.880+0000] {dag.py:3239} INFO - Sync 1 DAGs
[2025-02-18T11:05:51.933+0000] {logging_mixin.py:190} INFO - [2025-02-18T11:05:51.933+0000] {dag.py:4180} INFO - Setting next_dagrun for jobscraper_dag to 2025-02-18 06:00:00+00:00, run_after=2025-02-18 12:00:00+00:00
[2025-02-18T11:05:51.978+0000] {processor.py:208} INFO - Processing /opt/airflow/dags/jobscraper.py took 1.293 seconds
[2025-02-18T11:06:27.656+0000] {processor.py:186} INFO - Started process (PID=247) to work on /opt/airflow/dags/jobscraper.py
[2025-02-18T11:06:27.658+0000] {processor.py:914} INFO - Processing file /opt/airflow/dags/jobscraper.py for tasks to queue
[2025-02-18T11:06:27.663+0000] {logging_mixin.py:190} INFO - [2025-02-18T11:06:27.663+0000] {dagbag.py:588} INFO - Filling up the DagBag from /opt/airflow/dags/jobscraper.py
[2025-02-18T11:06:28.994+0000] {processor.py:925} INFO - DAG(s) 'jobscraper_dag' retrieved from /opt/airflow/dags/jobscraper.py
[2025-02-18T11:06:29.048+0000] {logging_mixin.py:190} INFO - [2025-02-18T11:06:29.047+0000] {dag.py:3239} INFO - Sync 1 DAGs
[2025-02-18T11:06:29.092+0000] {logging_mixin.py:190} INFO - [2025-02-18T11:06:29.091+0000] {dag.py:4180} INFO - Setting next_dagrun for jobscraper_dag to 2025-02-18 06:00:00+00:00, run_after=2025-02-18 12:00:00+00:00
[2025-02-18T11:06:29.143+0000] {processor.py:208} INFO - Processing /opt/airflow/dags/jobscraper.py took 1.513 seconds
[2025-02-18T11:06:59.461+0000] {processor.py:186} INFO - Started process (PID=261) to work on /opt/airflow/dags/jobscraper.py
[2025-02-18T11:06:59.463+0000] {processor.py:914} INFO - Processing file /opt/airflow/dags/jobscraper.py for tasks to queue
[2025-02-18T11:06:59.470+0000] {logging_mixin.py:190} INFO - [2025-02-18T11:06:59.470+0000] {dagbag.py:588} INFO - Filling up the DagBag from /opt/airflow/dags/jobscraper.py
[2025-02-18T11:07:11.973+0000] {processor.py:925} INFO - DAG(s) 'jobscraper_dag' retrieved from /opt/airflow/dags/jobscraper.py
[2025-02-18T11:07:12.025+0000] {logging_mixin.py:190} INFO - [2025-02-18T11:07:12.024+0000] {dag.py:3239} INFO - Sync 1 DAGs
[2025-02-18T11:07:12.080+0000] {logging_mixin.py:190} INFO - [2025-02-18T11:07:12.080+0000] {dag.py:4180} INFO - Setting next_dagrun for jobscraper_dag to 2025-02-18 06:00:00+00:00, run_after=2025-02-18 12:00:00+00:00
[2025-02-18T11:07:12.120+0000] {processor.py:208} INFO - Processing /opt/airflow/dags/jobscraper.py took 1.415 seconds
[2025-02-18T11:07:52.194+0000] {processor.py:186} INFO - Started process (PID=269) to work on /opt/airflow/dags/jobscraper.py
[2025-02-18T11:07:52.196+0000] {processor.py:914} INFO - Processing file /opt/airflow/dags/jobscraper.py for tasks to queue
[2025-02-18T11:07:52.201+0000] {logging_mixin.py:190} INFO - [2025-02-18T11:07:52.200+0000] {dagbag.py:588} INFO - Filling up the DagBag from /opt/airflow/dags/jobscraper.py
[2025-02-18T11:07:41.978+0000] {processor.py:925} INFO - DAG(s) 'jobscraper_dag' retrieved from /opt/airflow/dags/jobscraper.py
[2025-02-18T11:07:42.031+0000] {logging_mixin.py:190} INFO - [2025-02-18T11:07:42.030+0000] {dag.py:3239} INFO - Sync 1 DAGs
[2025-02-18T11:07:42.082+0000] {logging_mixin.py:190} INFO - [2025-02-18T11:07:42.081+0000] {dag.py:4180} INFO - Setting next_dagrun for jobscraper_dag to 2025-02-18 06:00:00+00:00, run_after=2025-02-18 12:00:00+00:00
[2025-02-18T11:07:42.121+0000] {processor.py:208} INFO - Processing /opt/airflow/dags/jobscraper.py took 1.275 seconds
[2025-02-18T11:08:12.267+0000] {processor.py:186} INFO - Started process (PID=277) to work on /opt/airflow/dags/jobscraper.py
[2025-02-18T11:08:12.269+0000] {processor.py:914} INFO - Processing file /opt/airflow/dags/jobscraper.py for tasks to queue
[2025-02-18T11:08:12.274+0000] {logging_mixin.py:190} INFO - [2025-02-18T11:08:12.273+0000] {dagbag.py:588} INFO - Filling up the DagBag from /opt/airflow/dags/jobscraper.py
[2025-02-18T11:08:13.332+0000] {processor.py:925} INFO - DAG(s) 'jobscraper_dag' retrieved from /opt/airflow/dags/jobscraper.py
[2025-02-18T11:08:13.378+0000] {logging_mixin.py:190} INFO - [2025-02-18T11:08:13.377+0000] {dag.py:3239} INFO - Sync 1 DAGs
[2025-02-18T11:08:13.426+0000] {logging_mixin.py:190} INFO - [2025-02-18T11:08:13.425+0000] {dag.py:4180} INFO - Setting next_dagrun for jobscraper_dag to 2025-02-18 06:00:00+00:00, run_after=2025-02-18 12:00:00+00:00
[2025-02-18T11:08:13.469+0000] {processor.py:208} INFO - Processing /opt/airflow/dags/jobscraper.py took 1.213 seconds
[2025-02-18T11:08:40.892+0000] {processor.py:186} INFO - Started process (PID=285) to work on /opt/airflow/dags/jobscraper.py
[2025-02-18T11:08:40.894+0000] {processor.py:914} INFO - Processing file /opt/airflow/dags/jobscraper.py for tasks to queue
[2025-02-18T11:08:40.899+0000] {logging_mixin.py:190} INFO - [2025-02-18T11:08:40.898+0000] {dagbag.py:588} INFO - Filling up the DagBag from /opt/airflow/dags/jobscraper.py
[2025-02-18T11:08:42.055+0000] {processor.py:925} INFO - DAG(s) 'jobscraper_dag' retrieved from /opt/airflow/dags/jobscraper.py
[2025-02-18T11:08:42.106+0000] {logging_mixin.py:190} INFO - [2025-02-18T11:08:42.105+0000] {dag.py:3239} INFO - Sync 1 DAGs
[2025-02-18T11:08:42.168+0000] {logging_mixin.py:190} INFO - [2025-02-18T11:08:42.167+0000] {dag.py:4180} INFO - Setting next_dagrun for jobscraper_dag to 2025-02-18 06:00:00+00:00, run_after=2025-02-18 12:00:00+00:00
[2025-02-18T11:08:42.213+0000] {processor.py:208} INFO - Processing /opt/airflow/dags/jobscraper.py took 1.334 seconds
[2025-02-18T11:09:12.588+0000] {processor.py:186} INFO - Started process (PID=293) to work on /opt/airflow/dags/jobscraper.py
[2025-02-18T11:09:12.590+0000] {processor.py:914} INFO - Processing file /opt/airflow/dags/jobscraper.py for tasks to queue
[2025-02-18T11:09:12.596+0000] {logging_mixin.py:190} INFO - [2025-02-18T11:09:12.595+0000] {dagbag.py:588} INFO - Filling up the DagBag from /opt/airflow/dags/jobscraper.py
[2025-02-18T11:09:13.684+0000] {processor.py:925} INFO - DAG(s) 'jobscraper_dag' retrieved from /opt/airflow/dags/jobscraper.py
[2025-02-18T11:09:13.734+0000] {logging_mixin.py:190} INFO - [2025-02-18T11:09:13.733+0000] {dag.py:3239} INFO - Sync 1 DAGs
[2025-02-18T11:09:13.785+0000] {logging_mixin.py:190} INFO - [2025-02-18T11:09:13.785+0000] {dag.py:4180} INFO - Setting next_dagrun for jobscraper_dag to 2025-02-18 06:00:00+00:00, run_after=2025-02-18 12:00:00+00:00
[2025-02-18T11:09:13.832+0000] {processor.py:208} INFO - Processing /opt/airflow/dags/jobscraper.py took 1.254 seconds
[2025-02-18T11:09:47.208+0000] {processor.py:186} INFO - Started process (PID=301) to work on /opt/airflow/dags/jobscraper.py
[2025-02-18T11:09:47.210+0000] {processor.py:914} INFO - Processing file /opt/airflow/dags/jobscraper.py for tasks to queue
[2025-02-18T11:09:47.215+0000] {logging_mixin.py:190} INFO - [2025-02-18T11:09:47.214+0000] {dagbag.py:588} INFO - Filling up the DagBag from /opt/airflow/dags/jobscraper.py
[2025-02-18T11:09:37.023+0000] {processor.py:925} INFO - DAG(s) 'jobscraper_dag' retrieved from /opt/airflow/dags/jobscraper.py
[2025-02-18T11:09:37.073+0000] {logging_mixin.py:190} INFO - [2025-02-18T11:09:37.072+0000] {dag.py:3239} INFO - Sync 1 DAGs
[2025-02-18T11:09:37.119+0000] {logging_mixin.py:190} INFO - [2025-02-18T11:09:37.119+0000] {dag.py:4180} INFO - Setting next_dagrun for jobscraper_dag to 2025-02-18 06:00:00+00:00, run_after=2025-02-18 12:00:00+00:00
[2025-02-18T11:09:37.160+0000] {processor.py:208} INFO - Processing /opt/airflow/dags/jobscraper.py took 1.265 seconds
[2025-02-18T11:10:17.854+0000] {processor.py:186} INFO - Started process (PID=310) to work on /opt/airflow/dags/jobscraper.py
[2025-02-18T11:10:17.856+0000] {processor.py:914} INFO - Processing file /opt/airflow/dags/jobscraper.py for tasks to queue
[2025-02-18T11:10:17.864+0000] {logging_mixin.py:190} INFO - [2025-02-18T11:10:17.863+0000] {dagbag.py:588} INFO - Filling up the DagBag from /opt/airflow/dags/jobscraper.py
[2025-02-18T11:10:07.733+0000] {processor.py:925} INFO - DAG(s) 'jobscraper_dag' retrieved from /opt/airflow/dags/jobscraper.py
[2025-02-18T11:10:07.789+0000] {logging_mixin.py:190} INFO - [2025-02-18T11:10:07.787+0000] {dag.py:3239} INFO - Sync 1 DAGs
[2025-02-18T11:10:07.838+0000] {logging_mixin.py:190} INFO - [2025-02-18T11:10:07.837+0000] {dag.py:4180} INFO - Setting next_dagrun for jobscraper_dag to 2025-02-18 06:00:00+00:00, run_after=2025-02-18 12:00:00+00:00
[2025-02-18T11:10:07.891+0000] {processor.py:208} INFO - Processing /opt/airflow/dags/jobscraper.py took 1.291 seconds
[2025-02-18T11:10:42.487+0000] {processor.py:186} INFO - Started process (PID=318) to work on /opt/airflow/dags/jobscraper.py
[2025-02-18T11:10:42.490+0000] {processor.py:914} INFO - Processing file /opt/airflow/dags/jobscraper.py for tasks to queue
[2025-02-18T11:10:42.496+0000] {logging_mixin.py:190} INFO - [2025-02-18T11:10:42.495+0000] {dagbag.py:588} INFO - Filling up the DagBag from /opt/airflow/dags/jobscraper.py
[2025-02-18T11:10:32.040+0000] {processor.py:925} INFO - DAG(s) 'jobscraper_dag' retrieved from /opt/airflow/dags/jobscraper.py
[2025-02-18T11:10:32.093+0000] {logging_mixin.py:190} INFO - [2025-02-18T11:10:32.092+0000] {dag.py:3239} INFO - Sync 1 DAGs
[2025-02-18T11:10:32.155+0000] {logging_mixin.py:190} INFO - [2025-02-18T11:10:32.154+0000] {dag.py:4180} INFO - Setting next_dagrun for jobscraper_dag to 2025-02-18 06:00:00+00:00, run_after=2025-02-18 12:00:00+00:00
[2025-02-18T11:10:32.202+0000] {processor.py:208} INFO - Processing /opt/airflow/dags/jobscraper.py took 1.324 seconds
[2025-02-18T11:11:02.583+0000] {processor.py:186} INFO - Started process (PID=326) to work on /opt/airflow/dags/jobscraper.py
[2025-02-18T11:11:02.585+0000] {processor.py:914} INFO - Processing file /opt/airflow/dags/jobscraper.py for tasks to queue
[2025-02-18T11:11:02.591+0000] {logging_mixin.py:190} INFO - [2025-02-18T11:11:02.590+0000] {dagbag.py:588} INFO - Filling up the DagBag from /opt/airflow/dags/jobscraper.py
[2025-02-18T11:11:03.649+0000] {processor.py:925} INFO - DAG(s) 'jobscraper_dag' retrieved from /opt/airflow/dags/jobscraper.py
[2025-02-18T11:11:03.699+0000] {logging_mixin.py:190} INFO - [2025-02-18T11:11:03.698+0000] {dag.py:3239} INFO - Sync 1 DAGs
[2025-02-18T11:11:03.749+0000] {logging_mixin.py:190} INFO - [2025-02-18T11:11:03.748+0000] {dag.py:4180} INFO - Setting next_dagrun for jobscraper_dag to 2025-02-18 06:00:00+00:00, run_after=2025-02-18 12:00:00+00:00
[2025-02-18T11:11:03.798+0000] {processor.py:208} INFO - Processing /opt/airflow/dags/jobscraper.py took 1.228 seconds
[2025-02-18T11:11:37.398+0000] {processor.py:186} INFO - Started process (PID=334) to work on /opt/airflow/dags/jobscraper.py
[2025-02-18T11:11:37.400+0000] {processor.py:914} INFO - Processing file /opt/airflow/dags/jobscraper.py for tasks to queue
[2025-02-18T11:11:37.405+0000] {logging_mixin.py:190} INFO - [2025-02-18T11:11:37.404+0000] {dagbag.py:588} INFO - Filling up the DagBag from /opt/airflow/dags/jobscraper.py
[2025-02-18T11:11:27.174+0000] {processor.py:925} INFO - DAG(s) 'jobscraper_dag' retrieved from /opt/airflow/dags/jobscraper.py
[2025-02-18T11:11:27.227+0000] {logging_mixin.py:190} INFO - [2025-02-18T11:11:27.225+0000] {dag.py:3239} INFO - Sync 1 DAGs
[2025-02-18T11:11:27.283+0000] {logging_mixin.py:190} INFO - [2025-02-18T11:11:27.282+0000] {dag.py:4180} INFO - Setting next_dagrun for jobscraper_dag to 2025-02-18 06:00:00+00:00, run_after=2025-02-18 12:00:00+00:00
[2025-02-18T11:11:27.322+0000] {processor.py:208} INFO - Processing /opt/airflow/dags/jobscraper.py took 1.216 seconds
[2025-02-18T11:11:57.495+0000] {processor.py:186} INFO - Started process (PID=342) to work on /opt/airflow/dags/jobscraper.py
[2025-02-18T11:11:57.497+0000] {processor.py:914} INFO - Processing file /opt/airflow/dags/jobscraper.py for tasks to queue
[2025-02-18T11:11:57.502+0000] {logging_mixin.py:190} INFO - [2025-02-18T11:11:57.501+0000] {dagbag.py:588} INFO - Filling up the DagBag from /opt/airflow/dags/jobscraper.py
[2025-02-18T11:11:58.671+0000] {processor.py:925} INFO - DAG(s) 'jobscraper_dag' retrieved from /opt/airflow/dags/jobscraper.py
[2025-02-18T11:11:58.720+0000] {logging_mixin.py:190} INFO - [2025-02-18T11:11:58.719+0000] {dag.py:3239} INFO - Sync 1 DAGs
[2025-02-18T11:11:58.772+0000] {logging_mixin.py:190} INFO - [2025-02-18T11:11:58.772+0000] {dag.py:4180} INFO - Setting next_dagrun for jobscraper_dag to 2025-02-18 06:00:00+00:00, run_after=2025-02-18 12:00:00+00:00
[2025-02-18T11:11:58.813+0000] {processor.py:208} INFO - Processing /opt/airflow/dags/jobscraper.py took 1.332 seconds
[2025-02-18T11:12:28.973+0000] {processor.py:186} INFO - Started process (PID=350) to work on /opt/airflow/dags/jobscraper.py
[2025-02-18T11:12:28.975+0000] {processor.py:914} INFO - Processing file /opt/airflow/dags/jobscraper.py for tasks to queue
[2025-02-18T11:12:28.980+0000] {logging_mixin.py:190} INFO - [2025-02-18T11:12:28.980+0000] {dagbag.py:588} INFO - Filling up the DagBag from /opt/airflow/dags/jobscraper.py
[2025-02-18T11:12:30.099+0000] {processor.py:925} INFO - DAG(s) 'jobscraper_dag' retrieved from /opt/airflow/dags/jobscraper.py
[2025-02-18T11:12:30.151+0000] {logging_mixin.py:190} INFO - [2025-02-18T11:12:30.150+0000] {dag.py:3239} INFO - Sync 1 DAGs
[2025-02-18T11:12:30.201+0000] {logging_mixin.py:190} INFO - [2025-02-18T11:12:30.200+0000] {dag.py:4180} INFO - Setting next_dagrun for jobscraper_dag to 2025-02-18 06:00:00+00:00, run_after=2025-02-18 12:00:00+00:00
[2025-02-18T11:12:30.250+0000] {processor.py:208} INFO - Processing /opt/airflow/dags/jobscraper.py took 1.289 seconds
[2025-02-18T11:13:00.560+0000] {processor.py:186} INFO - Started process (PID=358) to work on /opt/airflow/dags/jobscraper.py
[2025-02-18T11:13:00.562+0000] {processor.py:914} INFO - Processing file /opt/airflow/dags/jobscraper.py for tasks to queue
[2025-02-18T11:13:00.567+0000] {logging_mixin.py:190} INFO - [2025-02-18T11:13:00.566+0000] {dagbag.py:588} INFO - Filling up the DagBag from /opt/airflow/dags/jobscraper.py
[2025-02-18T11:13:01.770+0000] {processor.py:925} INFO - DAG(s) 'jobscraper_dag' retrieved from /opt/airflow/dags/jobscraper.py
[2025-02-18T11:13:01.823+0000] {logging_mixin.py:190} INFO - [2025-02-18T11:13:01.822+0000] {dag.py:3239} INFO - Sync 1 DAGs
[2025-02-18T11:13:01.881+0000] {logging_mixin.py:190} INFO - [2025-02-18T11:13:01.881+0000] {dag.py:4180} INFO - Setting next_dagrun for jobscraper_dag to 2025-02-18 06:00:00+00:00, run_after=2025-02-18 12:00:00+00:00
[2025-02-18T11:13:01.926+0000] {processor.py:208} INFO - Processing /opt/airflow/dags/jobscraper.py took 1.326 seconds
[2025-02-18T11:13:42.633+0000] {processor.py:186} INFO - Started process (PID=366) to work on /opt/airflow/dags/jobscraper.py
[2025-02-18T11:13:42.635+0000] {processor.py:914} INFO - Processing file /opt/airflow/dags/jobscraper.py for tasks to queue
[2025-02-18T11:13:42.642+0000] {logging_mixin.py:190} INFO - [2025-02-18T11:13:42.641+0000] {dagbag.py:588} INFO - Filling up the DagBag from /opt/airflow/dags/jobscraper.py
[2025-02-18T11:13:32.322+0000] {processor.py:925} INFO - DAG(s) 'jobscraper_dag' retrieved from /opt/airflow/dags/jobscraper.py
[2025-02-18T11:13:32.374+0000] {logging_mixin.py:190} INFO - [2025-02-18T11:13:32.373+0000] {dag.py:3239} INFO - Sync 1 DAGs
[2025-02-18T11:13:32.423+0000] {logging_mixin.py:190} INFO - [2025-02-18T11:13:32.422+0000] {dag.py:4180} INFO - Setting next_dagrun for jobscraper_dag to 2025-02-18 06:00:00+00:00, run_after=2025-02-18 12:00:00+00:00
[2025-02-18T11:13:32.478+0000] {processor.py:208} INFO - Processing /opt/airflow/dags/jobscraper.py took 1.274 seconds
[2025-02-18T11:14:07.933+0000] {processor.py:186} INFO - Started process (PID=374) to work on /opt/airflow/dags/jobscraper.py
[2025-02-18T11:14:07.935+0000] {processor.py:914} INFO - Processing file /opt/airflow/dags/jobscraper.py for tasks to queue
[2025-02-18T11:14:07.942+0000] {logging_mixin.py:190} INFO - [2025-02-18T11:14:07.941+0000] {dagbag.py:588} INFO - Filling up the DagBag from /opt/airflow/dags/jobscraper.py
[2025-02-18T11:14:09.007+0000] {processor.py:925} INFO - DAG(s) 'jobscraper_dag' retrieved from /opt/airflow/dags/jobscraper.py
[2025-02-18T11:14:09.056+0000] {logging_mixin.py:190} INFO - [2025-02-18T11:14:09.055+0000] {dag.py:3239} INFO - Sync 1 DAGs
[2025-02-18T11:14:09.106+0000] {logging_mixin.py:190} INFO - [2025-02-18T11:14:09.106+0000] {dag.py:4180} INFO - Setting next_dagrun for jobscraper_dag to 2025-02-18 06:00:00+00:00, run_after=2025-02-18 12:00:00+00:00
[2025-02-18T11:14:09.150+0000] {processor.py:208} INFO - Processing /opt/airflow/dags/jobscraper.py took 1.231 seconds
[2025-02-18T11:14:39.462+0000] {processor.py:186} INFO - Started process (PID=382) to work on /opt/airflow/dags/jobscraper.py
[2025-02-18T11:14:39.465+0000] {processor.py:914} INFO - Processing file /opt/airflow/dags/jobscraper.py for tasks to queue
[2025-02-18T11:14:39.469+0000] {logging_mixin.py:190} INFO - [2025-02-18T11:14:39.469+0000] {dagbag.py:588} INFO - Filling up the DagBag from /opt/airflow/dags/jobscraper.py
[2025-02-18T11:14:40.577+0000] {processor.py:925} INFO - DAG(s) 'jobscraper_dag' retrieved from /opt/airflow/dags/jobscraper.py
[2025-02-18T11:14:40.646+0000] {logging_mixin.py:190} INFO - [2025-02-18T11:14:40.645+0000] {dag.py:3239} INFO - Sync 1 DAGs
[2025-02-18T11:14:40.693+0000] {logging_mixin.py:190} INFO - [2025-02-18T11:14:40.692+0000] {dag.py:4180} INFO - Setting next_dagrun for jobscraper_dag to 2025-02-18 06:00:00+00:00, run_after=2025-02-18 12:00:00+00:00
[2025-02-18T11:14:40.730+0000] {processor.py:208} INFO - Processing /opt/airflow/dags/jobscraper.py took 1.285 seconds
[2025-02-18T11:15:12.967+0000] {processor.py:186} INFO - Started process (PID=390) to work on /opt/airflow/dags/jobscraper.py
[2025-02-18T11:15:12.969+0000] {processor.py:914} INFO - Processing file /opt/airflow/dags/jobscraper.py for tasks to queue
[2025-02-18T11:15:12.974+0000] {logging_mixin.py:190} INFO - [2025-02-18T11:15:12.974+0000] {dagbag.py:588} INFO - Filling up the DagBag from /opt/airflow/dags/jobscraper.py
[2025-02-18T11:15:02.928+0000] {processor.py:925} INFO - DAG(s) 'jobscraper_dag' retrieved from /opt/airflow/dags/jobscraper.py
[2025-02-18T11:15:02.978+0000] {logging_mixin.py:190} INFO - [2025-02-18T11:15:02.977+0000] {dag.py:3239} INFO - Sync 1 DAGs
[2025-02-18T11:15:03.024+0000] {logging_mixin.py:190} INFO - [2025-02-18T11:15:03.024+0000] {dag.py:4180} INFO - Setting next_dagrun for jobscraper_dag to 2025-02-18 06:00:00+00:00, run_after=2025-02-18 12:00:00+00:00
[2025-02-18T11:15:03.082+0000] {processor.py:208} INFO - Processing /opt/airflow/dags/jobscraper.py took 1.293 seconds
[2025-02-18T11:15:33.543+0000] {processor.py:186} INFO - Started process (PID=392) to work on /opt/airflow/dags/jobscraper.py
[2025-02-18T11:15:33.545+0000] {processor.py:914} INFO - Processing file /opt/airflow/dags/jobscraper.py for tasks to queue
[2025-02-18T11:15:33.550+0000] {logging_mixin.py:190} INFO - [2025-02-18T11:15:33.549+0000] {dagbag.py:588} INFO - Filling up the DagBag from /opt/airflow/dags/jobscraper.py
[2025-02-18T11:15:34.609+0000] {processor.py:925} INFO - DAG(s) 'jobscraper_dag' retrieved from /opt/airflow/dags/jobscraper.py
[2025-02-18T11:15:34.655+0000] {logging_mixin.py:190} INFO - [2025-02-18T11:15:34.655+0000] {dag.py:3239} INFO - Sync 1 DAGs
[2025-02-18T11:15:34.705+0000] {logging_mixin.py:190} INFO - [2025-02-18T11:15:34.704+0000] {dag.py:4180} INFO - Setting next_dagrun for jobscraper_dag to 2025-02-18 06:00:00+00:00, run_after=2025-02-18 12:00:00+00:00
[2025-02-18T11:15:34.760+0000] {processor.py:208} INFO - Processing /opt/airflow/dags/jobscraper.py took 1.231 seconds
[2025-02-18T11:15:56.696+0000] {processor.py:186} INFO - Started process (PID=406) to work on /opt/airflow/dags/jobscraper.py
[2025-02-18T11:15:56.698+0000] {processor.py:914} INFO - Processing file /opt/airflow/dags/jobscraper.py for tasks to queue
[2025-02-18T11:15:56.704+0000] {logging_mixin.py:190} INFO - [2025-02-18T11:15:56.703+0000] {dagbag.py:588} INFO - Filling up the DagBag from /opt/airflow/dags/jobscraper.py
[2025-02-18T11:15:57.873+0000] {processor.py:925} INFO - DAG(s) 'jobscraper_dag' retrieved from /opt/airflow/dags/jobscraper.py
[2025-02-18T11:15:57.928+0000] {logging_mixin.py:190} INFO - [2025-02-18T11:15:57.927+0000] {dag.py:3239} INFO - Sync 1 DAGs
[2025-02-18T11:15:57.977+0000] {logging_mixin.py:190} INFO - [2025-02-18T11:15:57.976+0000] {dag.py:4180} INFO - Setting next_dagrun for jobscraper_dag to 2025-02-18 06:00:00+00:00, run_after=2025-02-18 12:00:00+00:00
[2025-02-18T11:15:58.019+0000] {processor.py:208} INFO - Processing /opt/airflow/dags/jobscraper.py took 1.336 seconds
[2025-02-18T11:16:28.583+0000] {processor.py:186} INFO - Started process (PID=408) to work on /opt/airflow/dags/jobscraper.py
[2025-02-18T11:16:28.585+0000] {processor.py:914} INFO - Processing file /opt/airflow/dags/jobscraper.py for tasks to queue
[2025-02-18T11:16:28.595+0000] {logging_mixin.py:190} INFO - [2025-02-18T11:16:28.594+0000] {dagbag.py:588} INFO - Filling up the DagBag from /opt/airflow/dags/jobscraper.py
[2025-02-18T11:16:29.626+0000] {processor.py:925} INFO - DAG(s) 'jobscraper_dag' retrieved from /opt/airflow/dags/jobscraper.py
[2025-02-18T11:16:29.678+0000] {logging_mixin.py:190} INFO - [2025-02-18T11:16:29.677+0000] {dag.py:3239} INFO - Sync 1 DAGs
[2025-02-18T11:16:29.729+0000] {logging_mixin.py:190} INFO - [2025-02-18T11:16:29.729+0000] {dag.py:4180} INFO - Setting next_dagrun for jobscraper_dag to 2025-02-18 06:00:00+00:00, run_after=2025-02-18 12:00:00+00:00
[2025-02-18T11:16:29.769+0000] {processor.py:208} INFO - Processing /opt/airflow/dags/jobscraper.py took 1.198 seconds
[2025-02-18T11:16:51.745+0000] {processor.py:186} INFO - Started process (PID=416) to work on /opt/airflow/dags/jobscraper.py
[2025-02-18T11:16:51.747+0000] {processor.py:914} INFO - Processing file /opt/airflow/dags/jobscraper.py for tasks to queue
[2025-02-18T11:16:51.753+0000] {logging_mixin.py:190} INFO - [2025-02-18T11:16:51.752+0000] {dagbag.py:588} INFO - Filling up the DagBag from /opt/airflow/dags/jobscraper.py
[2025-02-18T11:16:52.880+0000] {processor.py:925} INFO - DAG(s) 'jobscraper_dag' retrieved from /opt/airflow/dags/jobscraper.py
[2025-02-18T11:16:52.931+0000] {logging_mixin.py:190} INFO - [2025-02-18T11:16:52.931+0000] {dag.py:3239} INFO - Sync 1 DAGs
[2025-02-18T11:16:52.984+0000] {logging_mixin.py:190} INFO - [2025-02-18T11:16:52.983+0000] {dag.py:4180} INFO - Setting next_dagrun for jobscraper_dag to 2025-02-18 06:00:00+00:00, run_after=2025-02-18 12:00:00+00:00
[2025-02-18T11:16:53.040+0000] {processor.py:208} INFO - Processing /opt/airflow/dags/jobscraper.py took 1.308 seconds
[2025-02-18T11:17:25.459+0000] {processor.py:186} INFO - Started process (PID=424) to work on /opt/airflow/dags/jobscraper.py
[2025-02-18T11:17:25.461+0000] {processor.py:914} INFO - Processing file /opt/airflow/dags/jobscraper.py for tasks to queue
[2025-02-18T11:17:25.466+0000] {logging_mixin.py:190} INFO - [2025-02-18T11:17:25.465+0000] {dagbag.py:588} INFO - Filling up the DagBag from /opt/airflow/dags/jobscraper.py
[2025-02-18T11:17:15.270+0000] {processor.py:925} INFO - DAG(s) 'jobscraper_dag' retrieved from /opt/airflow/dags/jobscraper.py
[2025-02-18T11:17:15.326+0000] {logging_mixin.py:190} INFO - [2025-02-18T11:17:15.324+0000] {dag.py:3239} INFO - Sync 1 DAGs
[2025-02-18T11:17:15.381+0000] {logging_mixin.py:190} INFO - [2025-02-18T11:17:15.380+0000] {dag.py:4180} INFO - Setting next_dagrun for jobscraper_dag to 2025-02-18 06:00:00+00:00, run_after=2025-02-18 12:00:00+00:00
[2025-02-18T11:17:15.420+0000] {processor.py:208} INFO - Processing /opt/airflow/dags/jobscraper.py took 1.256 seconds
[2025-02-18T11:17:36.768+0000] {processor.py:186} INFO - Started process (PID=432) to work on /opt/airflow/dags/jobscraper.py
[2025-02-18T11:17:36.770+0000] {processor.py:914} INFO - Processing file /opt/airflow/dags/jobscraper.py for tasks to queue
[2025-02-18T11:17:36.776+0000] {logging_mixin.py:190} INFO - [2025-02-18T11:17:36.775+0000] {dagbag.py:588} INFO - Filling up the DagBag from /opt/airflow/dags/jobscraper.py
[2025-02-18T11:17:37.822+0000] {processor.py:925} INFO - DAG(s) 'jobscraper_dag' retrieved from /opt/airflow/dags/jobscraper.py
[2025-02-18T11:17:37.869+0000] {logging_mixin.py:190} INFO - [2025-02-18T11:17:37.868+0000] {dag.py:3239} INFO - Sync 1 DAGs
[2025-02-18T11:17:37.916+0000] {logging_mixin.py:190} INFO - [2025-02-18T11:17:37.916+0000] {dag.py:4180} INFO - Setting next_dagrun for jobscraper_dag to 2025-02-18 06:00:00+00:00, run_after=2025-02-18 12:00:00+00:00
[2025-02-18T11:17:37.970+0000] {processor.py:208} INFO - Processing /opt/airflow/dags/jobscraper.py took 1.225 seconds
[2025-02-18T11:18:08.132+0000] {processor.py:186} INFO - Started process (PID=440) to work on /opt/airflow/dags/jobscraper.py
[2025-02-18T11:18:08.135+0000] {processor.py:914} INFO - Processing file /opt/airflow/dags/jobscraper.py for tasks to queue
[2025-02-18T11:18:08.140+0000] {logging_mixin.py:190} INFO - [2025-02-18T11:18:08.139+0000] {dagbag.py:588} INFO - Filling up the DagBag from /opt/airflow/dags/jobscraper.py
[2025-02-18T11:18:09.193+0000] {processor.py:925} INFO - DAG(s) 'jobscraper_dag' retrieved from /opt/airflow/dags/jobscraper.py
[2025-02-18T11:18:09.246+0000] {logging_mixin.py:190} INFO - [2025-02-18T11:18:09.245+0000] {dag.py:3239} INFO - Sync 1 DAGs
[2025-02-18T11:18:09.294+0000] {logging_mixin.py:190} INFO - [2025-02-18T11:18:09.294+0000] {dag.py:4180} INFO - Setting next_dagrun for jobscraper_dag to 2025-02-18 06:00:00+00:00, run_after=2025-02-18 12:00:00+00:00
[2025-02-18T11:18:09.348+0000] {processor.py:208} INFO - Processing /opt/airflow/dags/jobscraper.py took 1.227 seconds
[2025-02-18T11:18:39.723+0000] {processor.py:186} INFO - Started process (PID=448) to work on /opt/airflow/dags/jobscraper.py
[2025-02-18T11:18:39.724+0000] {processor.py:914} INFO - Processing file /opt/airflow/dags/jobscraper.py for tasks to queue
[2025-02-18T11:18:39.730+0000] {logging_mixin.py:190} INFO - [2025-02-18T11:18:39.729+0000] {dagbag.py:588} INFO - Filling up the DagBag from /opt/airflow/dags/jobscraper.py
[2025-02-18T11:18:40.760+0000] {processor.py:925} INFO - DAG(s) 'jobscraper_dag' retrieved from /opt/airflow/dags/jobscraper.py
[2025-02-18T11:18:40.808+0000] {logging_mixin.py:190} INFO - [2025-02-18T11:18:40.807+0000] {dag.py:3239} INFO - Sync 1 DAGs
[2025-02-18T11:18:40.855+0000] {logging_mixin.py:190} INFO - [2025-02-18T11:18:40.854+0000] {dag.py:4180} INFO - Setting next_dagrun for jobscraper_dag to 2025-02-18 06:00:00+00:00, run_after=2025-02-18 12:00:00+00:00
[2025-02-18T11:18:40.891+0000] {processor.py:208} INFO - Processing /opt/airflow/dags/jobscraper.py took 1.181 seconds
[2025-02-18T11:19:01.967+0000] {processor.py:186} INFO - Started process (PID=456) to work on /opt/airflow/dags/jobscraper.py
[2025-02-18T11:19:01.969+0000] {processor.py:914} INFO - Processing file /opt/airflow/dags/jobscraper.py for tasks to queue
[2025-02-18T11:19:01.973+0000] {logging_mixin.py:190} INFO - [2025-02-18T11:19:01.973+0000] {dagbag.py:588} INFO - Filling up the DagBag from /opt/airflow/dags/jobscraper.py
[2025-02-18T11:19:03.074+0000] {processor.py:925} INFO - DAG(s) 'jobscraper_dag' retrieved from /opt/airflow/dags/jobscraper.py
[2025-02-18T11:19:03.124+0000] {logging_mixin.py:190} INFO - [2025-02-18T11:19:03.123+0000] {dag.py:3239} INFO - Sync 1 DAGs
[2025-02-18T11:19:03.178+0000] {logging_mixin.py:190} INFO - [2025-02-18T11:19:03.178+0000] {dag.py:4180} INFO - Setting next_dagrun for jobscraper_dag to 2025-02-18 06:00:00+00:00, run_after=2025-02-18 12:00:00+00:00
[2025-02-18T11:19:03.233+0000] {processor.py:208} INFO - Processing /opt/airflow/dags/jobscraper.py took 1.280 seconds
[2025-02-18T11:19:34.136+0000] {processor.py:186} INFO - Started process (PID=464) to work on /opt/airflow/dags/jobscraper.py
[2025-02-18T11:19:34.139+0000] {processor.py:914} INFO - Processing file /opt/airflow/dags/jobscraper.py for tasks to queue
[2025-02-18T11:19:34.144+0000] {logging_mixin.py:190} INFO - [2025-02-18T11:19:34.143+0000] {dagbag.py:588} INFO - Filling up the DagBag from /opt/airflow/dags/jobscraper.py
[2025-02-18T11:19:35.229+0000] {processor.py:925} INFO - DAG(s) 'jobscraper_dag' retrieved from /opt/airflow/dags/jobscraper.py
[2025-02-18T11:19:35.281+0000] {logging_mixin.py:190} INFO - [2025-02-18T11:19:35.280+0000] {dag.py:3239} INFO - Sync 1 DAGs
[2025-02-18T11:19:35.330+0000] {logging_mixin.py:190} INFO - [2025-02-18T11:19:35.330+0000] {dag.py:4180} INFO - Setting next_dagrun for jobscraper_dag to 2025-02-18 06:00:00+00:00, run_after=2025-02-18 12:00:00+00:00
[2025-02-18T11:19:35.372+0000] {processor.py:208} INFO - Processing /opt/airflow/dags/jobscraper.py took 1.250 seconds
[2025-02-18T11:20:05.781+0000] {processor.py:186} INFO - Started process (PID=466) to work on /opt/airflow/dags/jobscraper.py
[2025-02-18T11:20:05.783+0000] {processor.py:914} INFO - Processing file /opt/airflow/dags/jobscraper.py for tasks to queue
[2025-02-18T11:20:05.787+0000] {logging_mixin.py:190} INFO - [2025-02-18T11:20:05.787+0000] {dagbag.py:588} INFO - Filling up the DagBag from /opt/airflow/dags/jobscraper.py
[2025-02-18T11:20:06.901+0000] {processor.py:925} INFO - DAG(s) 'jobscraper_dag' retrieved from /opt/airflow/dags/jobscraper.py
[2025-02-18T11:20:06.950+0000] {logging_mixin.py:190} INFO - [2025-02-18T11:20:06.949+0000] {dag.py:3239} INFO - Sync 1 DAGs
[2025-02-18T11:20:06.997+0000] {logging_mixin.py:190} INFO - [2025-02-18T11:20:06.997+0000] {dag.py:4180} INFO - Setting next_dagrun for jobscraper_dag to 2025-02-18 06:00:00+00:00, run_after=2025-02-18 12:00:00+00:00
[2025-02-18T11:20:07.040+0000] {processor.py:208} INFO - Processing /opt/airflow/dags/jobscraper.py took 1.269 seconds
[2025-02-18T11:20:26.998+0000] {processor.py:186} INFO - Started process (PID=480) to work on /opt/airflow/dags/jobscraper.py
[2025-02-18T11:20:27.000+0000] {processor.py:914} INFO - Processing file /opt/airflow/dags/jobscraper.py for tasks to queue
[2025-02-18T11:20:27.005+0000] {logging_mixin.py:190} INFO - [2025-02-18T11:20:27.004+0000] {dagbag.py:588} INFO - Filling up the DagBag from /opt/airflow/dags/jobscraper.py
[2025-02-18T11:20:28.042+0000] {processor.py:925} INFO - DAG(s) 'jobscraper_dag' retrieved from /opt/airflow/dags/jobscraper.py
[2025-02-18T11:20:28.089+0000] {logging_mixin.py:190} INFO - [2025-02-18T11:20:28.088+0000] {dag.py:3239} INFO - Sync 1 DAGs
[2025-02-18T11:20:28.129+0000] {logging_mixin.py:190} INFO - [2025-02-18T11:20:28.129+0000] {dag.py:4180} INFO - Setting next_dagrun for jobscraper_dag to 2025-02-18 06:00:00+00:00, run_after=2025-02-18 12:00:00+00:00
[2025-02-18T11:20:28.178+0000] {processor.py:208} INFO - Processing /opt/airflow/dags/jobscraper.py took 1.191 seconds
[2025-02-18T11:21:03.741+0000] {processor.py:186} INFO - Started process (PID=482) to work on /opt/airflow/dags/jobscraper.py
[2025-02-18T11:21:03.743+0000] {processor.py:914} INFO - Processing file /opt/airflow/dags/jobscraper.py for tasks to queue
[2025-02-18T11:21:03.748+0000] {logging_mixin.py:190} INFO - [2025-02-18T11:21:03.747+0000] {dagbag.py:588} INFO - Filling up the DagBag from /opt/airflow/dags/jobscraper.py
[2025-02-18T11:20:53.045+0000] {processor.py:925} INFO - DAG(s) 'jobscraper_dag' retrieved from /opt/airflow/dags/jobscraper.py
[2025-02-18T11:20:53.098+0000] {logging_mixin.py:190} INFO - [2025-02-18T11:20:53.097+0000] {dag.py:3239} INFO - Sync 1 DAGs
[2025-02-18T11:20:53.142+0000] {logging_mixin.py:190} INFO - [2025-02-18T11:20:53.141+0000] {dag.py:4180} INFO - Setting next_dagrun for jobscraper_dag to 2025-02-18 06:00:00+00:00, run_after=2025-02-18 12:00:00+00:00
[2025-02-18T11:20:53.183+0000] {processor.py:208} INFO - Processing /opt/airflow/dags/jobscraper.py took 1.230 seconds
[2025-02-18T11:21:24.109+0000] {processor.py:186} INFO - Started process (PID=490) to work on /opt/airflow/dags/jobscraper.py
[2025-02-18T11:21:24.111+0000] {processor.py:914} INFO - Processing file /opt/airflow/dags/jobscraper.py for tasks to queue
[2025-02-18T11:21:24.117+0000] {logging_mixin.py:190} INFO - [2025-02-18T11:21:24.116+0000] {dagbag.py:588} INFO - Filling up the DagBag from /opt/airflow/dags/jobscraper.py
[2025-02-18T11:21:25.189+0000] {processor.py:925} INFO - DAG(s) 'jobscraper_dag' retrieved from /opt/airflow/dags/jobscraper.py
[2025-02-18T11:21:25.235+0000] {logging_mixin.py:190} INFO - [2025-02-18T11:21:25.234+0000] {dag.py:3239} INFO - Sync 1 DAGs
[2025-02-18T11:21:25.283+0000] {logging_mixin.py:190} INFO - [2025-02-18T11:21:25.282+0000] {dag.py:4180} INFO - Setting next_dagrun for jobscraper_dag to 2025-02-18 06:00:00+00:00, run_after=2025-02-18 12:00:00+00:00
[2025-02-18T11:21:25.324+0000] {processor.py:208} INFO - Processing /opt/airflow/dags/jobscraper.py took 1.229 seconds
[2025-02-18T11:21:55.432+0000] {processor.py:186} INFO - Started process (PID=498) to work on /opt/airflow/dags/jobscraper.py
[2025-02-18T11:21:55.434+0000] {processor.py:914} INFO - Processing file /opt/airflow/dags/jobscraper.py for tasks to queue
[2025-02-18T11:21:55.439+0000] {logging_mixin.py:190} INFO - [2025-02-18T11:21:55.438+0000] {dagbag.py:588} INFO - Filling up the DagBag from /opt/airflow/dags/jobscraper.py
[2025-02-18T11:21:56.695+0000] {processor.py:925} INFO - DAG(s) 'jobscraper_dag' retrieved from /opt/airflow/dags/jobscraper.py
[2025-02-18T11:21:56.741+0000] {logging_mixin.py:190} INFO - [2025-02-18T11:21:56.740+0000] {dag.py:3239} INFO - Sync 1 DAGs
[2025-02-18T11:21:56.790+0000] {logging_mixin.py:190} INFO - [2025-02-18T11:21:56.790+0000] {dag.py:4180} INFO - Setting next_dagrun for jobscraper_dag to 2025-02-18 06:00:00+00:00, run_after=2025-02-18 12:00:00+00:00
[2025-02-18T11:21:56.830+0000] {processor.py:208} INFO - Processing /opt/airflow/dags/jobscraper.py took 1.409 seconds
[2025-02-18T11:22:28.518+0000] {processor.py:186} INFO - Started process (PID=506) to work on /opt/airflow/dags/jobscraper.py
[2025-02-18T11:22:28.519+0000] {processor.py:914} INFO - Processing file /opt/airflow/dags/jobscraper.py for tasks to queue
[2025-02-18T11:22:28.525+0000] {logging_mixin.py:190} INFO - [2025-02-18T11:22:28.524+0000] {dagbag.py:588} INFO - Filling up the DagBag from /opt/airflow/dags/jobscraper.py
[2025-02-18T11:22:18.251+0000] {processor.py:925} INFO - DAG(s) 'jobscraper_dag' retrieved from /opt/airflow/dags/jobscraper.py
[2025-02-18T11:22:18.296+0000] {logging_mixin.py:190} INFO - [2025-02-18T11:22:18.295+0000] {dag.py:3239} INFO - Sync 1 DAGs
[2025-02-18T11:22:18.346+0000] {logging_mixin.py:190} INFO - [2025-02-18T11:22:18.345+0000] {dag.py:4180} INFO - Setting next_dagrun for jobscraper_dag to 2025-02-18 06:00:00+00:00, run_after=2025-02-18 12:00:00+00:00
[2025-02-18T11:22:18.398+0000] {processor.py:208} INFO - Processing /opt/airflow/dags/jobscraper.py took 1.242 seconds
[2025-02-18T11:22:53.809+0000] {processor.py:186} INFO - Started process (PID=514) to work on /opt/airflow/dags/jobscraper.py
[2025-02-18T11:22:53.811+0000] {processor.py:914} INFO - Processing file /opt/airflow/dags/jobscraper.py for tasks to queue
[2025-02-18T11:22:53.816+0000] {logging_mixin.py:190} INFO - [2025-02-18T11:22:53.815+0000] {dagbag.py:588} INFO - Filling up the DagBag from /opt/airflow/dags/jobscraper.py
[2025-02-18T11:22:43.318+0000] {processor.py:925} INFO - DAG(s) 'jobscraper_dag' retrieved from /opt/airflow/dags/jobscraper.py
[2025-02-18T11:22:43.369+0000] {logging_mixin.py:190} INFO - [2025-02-18T11:22:43.368+0000] {dag.py:3239} INFO - Sync 1 DAGs
[2025-02-18T11:22:43.418+0000] {logging_mixin.py:190} INFO - [2025-02-18T11:22:43.417+0000] {dag.py:4180} INFO - Setting next_dagrun for jobscraper_dag to 2025-02-18 06:00:00+00:00, run_after=2025-02-18 12:00:00+00:00
[2025-02-18T11:22:54.978+0000] {processor.py:208} INFO - Processing /opt/airflow/dags/jobscraper.py took 1.181 seconds
[2025-02-18T11:23:25.194+0000] {processor.py:186} INFO - Started process (PID=522) to work on /opt/airflow/dags/jobscraper.py
[2025-02-18T11:23:25.196+0000] {processor.py:914} INFO - Processing file /opt/airflow/dags/jobscraper.py for tasks to queue
[2025-02-18T11:23:25.200+0000] {logging_mixin.py:190} INFO - [2025-02-18T11:23:25.199+0000] {dagbag.py:588} INFO - Filling up the DagBag from /opt/airflow/dags/jobscraper.py
[2025-02-18T11:23:26.215+0000] {processor.py:925} INFO - DAG(s) 'jobscraper_dag' retrieved from /opt/airflow/dags/jobscraper.py
[2025-02-18T11:23:26.262+0000] {logging_mixin.py:190} INFO - [2025-02-18T11:23:26.261+0000] {dag.py:3239} INFO - Sync 1 DAGs
[2025-02-18T11:23:26.310+0000] {logging_mixin.py:190} INFO - [2025-02-18T11:23:26.310+0000] {dag.py:4180} INFO - Setting next_dagrun for jobscraper_dag to 2025-02-18 06:00:00+00:00, run_after=2025-02-18 12:00:00+00:00
[2025-02-18T11:23:26.351+0000] {processor.py:208} INFO - Processing /opt/airflow/dags/jobscraper.py took 1.168 seconds
[2025-02-18T11:23:47.424+0000] {processor.py:186} INFO - Started process (PID=530) to work on /opt/airflow/dags/jobscraper.py
[2025-02-18T11:23:47.426+0000] {processor.py:914} INFO - Processing file /opt/airflow/dags/jobscraper.py for tasks to queue
[2025-02-18T11:23:47.431+0000] {logging_mixin.py:190} INFO - [2025-02-18T11:23:47.430+0000] {dagbag.py:588} INFO - Filling up the DagBag from /opt/airflow/dags/jobscraper.py
[2025-02-18T11:23:48.425+0000] {processor.py:925} INFO - DAG(s) 'jobscraper_dag' retrieved from /opt/airflow/dags/jobscraper.py
[2025-02-18T11:23:48.473+0000] {logging_mixin.py:190} INFO - [2025-02-18T11:23:48.473+0000] {dag.py:3239} INFO - Sync 1 DAGs
[2025-02-18T11:23:48.520+0000] {logging_mixin.py:190} INFO - [2025-02-18T11:23:48.520+0000] {dag.py:4180} INFO - Setting next_dagrun for jobscraper_dag to 2025-02-18 06:00:00+00:00, run_after=2025-02-18 12:00:00+00:00
[2025-02-18T11:23:48.596+0000] {processor.py:208} INFO - Processing /opt/airflow/dags/jobscraper.py took 1.184 seconds
[2025-02-18T11:24:18.980+0000] {processor.py:186} INFO - Started process (PID=538) to work on /opt/airflow/dags/jobscraper.py
[2025-02-18T11:24:18.983+0000] {processor.py:914} INFO - Processing file /opt/airflow/dags/jobscraper.py for tasks to queue
[2025-02-18T11:24:18.988+0000] {logging_mixin.py:190} INFO - [2025-02-18T11:24:18.987+0000] {dagbag.py:588} INFO - Filling up the DagBag from /opt/airflow/dags/jobscraper.py
[2025-02-18T11:24:20.125+0000] {processor.py:925} INFO - DAG(s) 'jobscraper_dag' retrieved from /opt/airflow/dags/jobscraper.py
[2025-02-18T11:24:20.176+0000] {logging_mixin.py:190} INFO - [2025-02-18T11:24:20.175+0000] {dag.py:3239} INFO - Sync 1 DAGs
[2025-02-18T11:24:20.233+0000] {logging_mixin.py:190} INFO - [2025-02-18T11:24:20.232+0000] {dag.py:4180} INFO - Setting next_dagrun for jobscraper_dag to 2025-02-18 06:00:00+00:00, run_after=2025-02-18 12:00:00+00:00
[2025-02-18T11:24:20.278+0000] {processor.py:208} INFO - Processing /opt/airflow/dags/jobscraper.py took 1.310 seconds
[2025-02-18T11:24:55.655+0000] {processor.py:186} INFO - Started process (PID=546) to work on /opt/airflow/dags/jobscraper.py
[2025-02-18T11:24:55.657+0000] {processor.py:914} INFO - Processing file /opt/airflow/dags/jobscraper.py for tasks to queue
[2025-02-18T11:24:55.662+0000] {logging_mixin.py:190} INFO - [2025-02-18T11:24:55.661+0000] {dagbag.py:588} INFO - Filling up the DagBag from /opt/airflow/dags/jobscraper.py
[2025-02-18T11:24:56.739+0000] {processor.py:925} INFO - DAG(s) 'jobscraper_dag' retrieved from /opt/airflow/dags/jobscraper.py
[2025-02-18T11:24:56.789+0000] {logging_mixin.py:190} INFO - [2025-02-18T11:24:56.788+0000] {dag.py:3239} INFO - Sync 1 DAGs
[2025-02-18T11:24:56.846+0000] {logging_mixin.py:190} INFO - [2025-02-18T11:24:56.845+0000] {dag.py:4180} INFO - Setting next_dagrun for jobscraper_dag to 2025-02-18 06:00:00+00:00, run_after=2025-02-18 12:00:00+00:00
[2025-02-18T11:24:56.884+0000] {processor.py:208} INFO - Processing /opt/airflow/dags/jobscraper.py took 1.240 seconds
[2025-02-18T11:25:27.108+0000] {processor.py:186} INFO - Started process (PID=554) to work on /opt/airflow/dags/jobscraper.py
[2025-02-18T11:25:27.111+0000] {processor.py:914} INFO - Processing file /opt/airflow/dags/jobscraper.py for tasks to queue
[2025-02-18T11:25:27.117+0000] {logging_mixin.py:190} INFO - [2025-02-18T11:25:27.116+0000] {dagbag.py:588} INFO - Filling up the DagBag from /opt/airflow/dags/jobscraper.py
[2025-02-18T11:25:28.050+0000] {processor.py:925} INFO - DAG(s) 'jobscraper_dag' retrieved from /opt/airflow/dags/jobscraper.py
[2025-02-18T11:25:28.095+0000] {logging_mixin.py:190} INFO - [2025-02-18T11:25:28.094+0000] {dag.py:3239} INFO - Sync 1 DAGs
[2025-02-18T11:25:28.138+0000] {logging_mixin.py:190} INFO - [2025-02-18T11:25:28.137+0000] {dag.py:4180} INFO - Setting next_dagrun for jobscraper_dag to 2025-02-18 06:00:00+00:00, run_after=2025-02-18 12:00:00+00:00
[2025-02-18T11:25:28.176+0000] {processor.py:208} INFO - Processing /opt/airflow/dags/jobscraper.py took 1.307 seconds
[2025-02-18T11:25:58.554+0000] {processor.py:186} INFO - Started process (PID=569) to work on /opt/airflow/dags/jobscraper.py
[2025-02-18T11:25:58.556+0000] {processor.py:914} INFO - Processing file /opt/airflow/dags/jobscraper.py for tasks to queue
[2025-02-18T11:25:58.560+0000] {logging_mixin.py:190} INFO - [2025-02-18T11:25:58.560+0000] {dagbag.py:588} INFO - Filling up the DagBag from /opt/airflow/dags/jobscraper.py
[2025-02-18T11:25:59.726+0000] {processor.py:925} INFO - DAG(s) 'jobscraper_dag' retrieved from /opt/airflow/dags/jobscraper.py
[2025-02-18T11:25:59.776+0000] {logging_mixin.py:190} INFO - [2025-02-18T11:25:59.775+0000] {dag.py:3239} INFO - Sync 1 DAGs
[2025-02-18T11:25:59.829+0000] {logging_mixin.py:190} INFO - [2025-02-18T11:25:59.829+0000] {dag.py:4180} INFO - Setting next_dagrun for jobscraper_dag to 2025-02-18 06:00:00+00:00, run_after=2025-02-18 12:00:00+00:00
[2025-02-18T11:25:59.867+0000] {processor.py:208} INFO - Processing /opt/airflow/dags/jobscraper.py took 1.324 seconds
