[2025-02-16T14:54:52.495+0000] {local_task_job_runner.py:123} INFO - ::group::Pre task execution logs
[2025-02-16T14:54:52.551+0000] {taskinstance.py:2614} INFO - Dependencies all met for dep_context=non-requeueable deps ti=<TaskInstance: jobscraper_dag.load_data scheduled__2025-02-15T18:00:00+00:00 [queued]>
[2025-02-16T14:54:52.574+0000] {taskinstance.py:2614} INFO - Dependencies all met for dep_context=requeueable deps ti=<TaskInstance: jobscraper_dag.load_data scheduled__2025-02-15T18:00:00+00:00 [queued]>
[2025-02-16T14:54:52.591+0000] {taskinstance.py:2867} INFO - Starting attempt 2 of 3
[2025-02-16T14:54:52.628+0000] {taskinstance.py:2890} INFO - Executing <Task(PythonOperator): load_data> on 2025-02-15 18:00:00+00:00
[2025-02-16T14:54:52.641+0000] {warnings.py:112} WARNING - /home/***/.local/lib/python3.12/site-packages/***/task/task_runner/standard_task_runner.py:70: DeprecationWarning: This process (pid=362) is multi-threaded, use of fork() may lead to deadlocks in the child.
  pid = os.fork()

[2025-02-16T14:54:52.645+0000] {standard_task_runner.py:72} INFO - Started process 364 to run task
[2025-02-16T14:54:52.646+0000] {standard_task_runner.py:104} INFO - Running: ['***', 'tasks', 'run', 'jobscraper_dag', 'load_data', 'scheduled__2025-02-15T18:00:00+00:00', '--job-id', '92', '--raw', '--subdir', 'DAGS_FOLDER/jobscraper.py', '--cfg-path', '/tmp/tmppftnqd0t']
[2025-02-16T14:54:52.650+0000] {standard_task_runner.py:105} INFO - Job 92: Subtask load_data
[2025-02-16T14:54:52.737+0000] {task_command.py:467} INFO - Running <TaskInstance: jobscraper_dag.load_data scheduled__2025-02-15T18:00:00+00:00 [running]> on host 631dcef61fc7
[2025-02-16T14:54:52.913+0000] {taskinstance.py:3134} INFO - Exporting env vars: AIRFLOW_CTX_DAG_EMAIL='***@example.com' AIRFLOW_CTX_DAG_OWNER='mainguyen' AIRFLOW_CTX_DAG_ID='jobscraper_dag' AIRFLOW_CTX_TASK_ID='load_data' AIRFLOW_CTX_EXECUTION_DATE='2025-02-15T18:00:00+00:00' AIRFLOW_CTX_TRY_NUMBER='2' AIRFLOW_CTX_DAG_RUN_ID='scheduled__2025-02-15T18:00:00+00:00'
[2025-02-16T14:54:52.915+0000] {taskinstance.py:732} INFO - ::endgroup::
[2025-02-16T14:54:52.991+0000] {logging_mixin.py:190} INFO - No new job update
[2025-02-16T14:54:52.992+0000] {python.py:240} INFO - Done. Returned value was: None
[2025-02-16T14:54:53.015+0000] {taskinstance.py:341} INFO - ::group::Post task execution logs
[2025-02-16T14:54:53.016+0000] {taskinstance.py:353} INFO - Marking task as SUCCESS. dag_id=jobscraper_dag, task_id=load_data, run_id=scheduled__2025-02-15T18:00:00+00:00, execution_date=20250215T180000, start_date=20250216T145452, end_date=20250216T145453
[2025-02-16T14:54:53.122+0000] {local_task_job_runner.py:266} INFO - Task exited with return code 0
[2025-02-16T14:54:53.160+0000] {taskinstance.py:3901} INFO - 0 downstream tasks scheduled from follow-on schedule check
[2025-02-16T14:54:53.165+0000] {local_task_job_runner.py:245} INFO - ::endgroup::
