[2025-02-16T10:23:28.836+0000] {local_task_job_runner.py:123} INFO - ::group::Pre task execution logs
[2025-02-16T10:23:28.883+0000] {taskinstance.py:2614} INFO - Dependencies all met for dep_context=non-requeueable deps ti=<TaskInstance: jobscraper_dag.transform_data manual__2025-02-16T10:23:13.369559+00:00 [queued]>
[2025-02-16T10:23:28.904+0000] {taskinstance.py:2614} INFO - Dependencies all met for dep_context=requeueable deps ti=<TaskInstance: jobscraper_dag.transform_data manual__2025-02-16T10:23:13.369559+00:00 [queued]>
[2025-02-16T10:23:28.907+0000] {taskinstance.py:2867} INFO - Starting attempt 1 of 2
[2025-02-16T10:23:28.943+0000] {taskinstance.py:2890} INFO - Executing <Task(PythonOperator): transform_data> on 2025-02-16 10:23:13.369559+00:00
[2025-02-16T10:23:28.957+0000] {warnings.py:112} WARNING - /home/***/.local/lib/python3.12/site-packages/***/task/task_runner/standard_task_runner.py:70: DeprecationWarning: This process (pid=101) is multi-threaded, use of fork() may lead to deadlocks in the child.
  pid = os.fork()

[2025-02-16T10:23:28.960+0000] {standard_task_runner.py:72} INFO - Started process 103 to run task
[2025-02-16T10:23:28.961+0000] {standard_task_runner.py:104} INFO - Running: ['***', 'tasks', 'run', 'jobscraper_dag', 'transform_data', 'manual__2025-02-16T10:23:13.369559+00:00', '--job-id', '28', '--raw', '--subdir', 'DAGS_FOLDER/jobscraper.py', '--cfg-path', '/tmp/tmplkcecexe']
[2025-02-16T10:23:28.964+0000] {standard_task_runner.py:105} INFO - Job 28: Subtask transform_data
[2025-02-16T10:23:29.405+0000] {task_command.py:467} INFO - Running <TaskInstance: jobscraper_dag.transform_data manual__2025-02-16T10:23:13.369559+00:00 [running]> on host 4c4db2e45856
[2025-02-16T10:23:29.516+0000] {taskinstance.py:3134} INFO - Exporting env vars: AIRFLOW_CTX_DAG_EMAIL='***@example.com' AIRFLOW_CTX_DAG_OWNER='mainguyen' AIRFLOW_CTX_DAG_ID='jobscraper_dag' AIRFLOW_CTX_TASK_ID='transform_data' AIRFLOW_CTX_EXECUTION_DATE='2025-02-16T10:23:13.369559+00:00' AIRFLOW_CTX_TRY_NUMBER='1' AIRFLOW_CTX_DAG_RUN_ID='manual__2025-02-16T10:23:13.369559+00:00'
[2025-02-16T10:23:29.518+0000] {logging_mixin.py:190} INFO - Task instance is in running state
[2025-02-16T10:23:29.519+0000] {logging_mixin.py:190} INFO -  Previous state of the Task instance: queued
[2025-02-16T10:23:29.520+0000] {logging_mixin.py:190} INFO - Current task name:transform_data state:running start_date:2025-02-16 10:23:28.884805+00:00
[2025-02-16T10:23:29.521+0000] {logging_mixin.py:190} INFO - Dag name:jobscraper_dag and current dag run status:running
[2025-02-16T10:23:29.522+0000] {taskinstance.py:732} INFO - ::endgroup::
[2025-02-16T10:23:29.588+0000] {python.py:240} INFO - Done. Returned value was: None
[2025-02-16T10:23:29.608+0000] {taskinstance.py:341} INFO - ::group::Post task execution logs
[2025-02-16T10:23:29.609+0000] {taskinstance.py:353} INFO - Marking task as SUCCESS. dag_id=jobscraper_dag, task_id=transform_data, run_id=manual__2025-02-16T10:23:13.369559+00:00, execution_date=20250216T102313, start_date=20250216T102328, end_date=20250216T102329
[2025-02-16T10:23:29.658+0000] {logging_mixin.py:190} INFO - Task instance in success state
[2025-02-16T10:23:29.659+0000] {logging_mixin.py:190} INFO -  Previous state of the Task instance: running
[2025-02-16T10:23:29.660+0000] {logging_mixin.py:190} INFO - Dag name:jobscraper_dag queued_at:2025-02-16 10:23:13.402763+00:00
[2025-02-16T10:23:29.661+0000] {logging_mixin.py:190} INFO - Task hostname:4c4db2e45856 operator:PythonOperator
[2025-02-16T10:23:29.710+0000] {local_task_job_runner.py:266} INFO - Task exited with return code 0
[2025-02-16T10:23:30.013+0000] {local_task_job_runner.py:245} INFO - ::endgroup::
